<?xml version="1.0" encoding="UTF-8"?>
<testsuite name="com.example.springsecurityoauth2jwt.repository.ShowCouponsServiceTest" tests="1" skipped="0" failures="1" errors="0" timestamp="2023-12-17T06:47:02" hostname="MyMacui-MacBookPro.local" time="1.705">
  <properties/>
  <testcase name="전체 쿠폰 목록 조회를 요청할 수 있다." classname="com.example.springsecurityoauth2jwt.repository.ShowCouponsServiceTest" time="1.705">
    <failure message="org.hibernate.LazyInitializationException: failed to lazily initialize a collection of role: com.example.springsecurityoauth2jwt.domain.entity.Role.resourcesSet: could not initialize proxy - no Session" type="org.hibernate.LazyInitializationException">org.hibernate.LazyInitializationException: failed to lazily initialize a collection of role: com.example.springsecurityoauth2jwt.domain.entity.Role.resourcesSet: could not initialize proxy - no Session
	at app//org.hibernate.collection.spi.AbstractPersistentCollection.throwLazyInitializationException(AbstractPersistentCollection.java:634)
	at app//org.hibernate.collection.spi.AbstractPersistentCollection.withTemporarySessionIfNeeded(AbstractPersistentCollection.java:217)
	at app//org.hibernate.collection.spi.AbstractPersistentCollection.initialize(AbstractPersistentCollection.java:613)
	at app//org.hibernate.collection.spi.AbstractPersistentCollection.read(AbstractPersistentCollection.java:136)
	at app//org.hibernate.collection.spi.PersistentSet.hashCode(PersistentSet.java:412)
	at app//com.example.springsecurityoauth2jwt.domain.entity.Role.hashCode(Role.java:15)
	at java.base@17.0.8/java.util.HashMap.hash(HashMap.java:338)
	at java.base@17.0.8/java.util.HashMap.put(HashMap.java:610)
	at java.base@17.0.8/java.util.HashSet.add(HashSet.java:221)
	at app//com.example.springsecurityoauth2jwt.repository.ShowCouponsServiceTest.createUser(UserRepository.java:44)
	at app//com.example.springsecurityoauth2jwt.repository.ShowCouponsServiceTest.showCouponsService(UserRepository.java:31)
	at java.base@17.0.8/jdk.internal.reflect.NativeMethodAccessorImpl.invoke0(Native Method)
	at java.base@17.0.8/jdk.internal.reflect.NativeMethodAccessorImpl.invoke(NativeMethodAccessorImpl.java:77)
	at java.base@17.0.8/jdk.internal.reflect.DelegatingMethodAccessorImpl.invoke(DelegatingMethodAccessorImpl.java:43)
	at java.base@17.0.8/java.lang.reflect.Method.invoke(Method.java:568)
	at app//org.junit.platform.commons.util.ReflectionUtils.invokeMethod(ReflectionUtils.java:728)
	at app//org.junit.jupiter.engine.execution.MethodInvocation.proceed(MethodInvocation.java:60)
	at app//org.junit.jupiter.engine.execution.InvocationInterceptorChain$ValidatingInvocation.proceed(InvocationInterceptorChain.java:131)
	at app//org.junit.jupiter.engine.extension.TimeoutExtension.intercept(TimeoutExtension.java:156)
	at app//org.junit.jupiter.engine.extension.TimeoutExtension.interceptTestableMethod(TimeoutExtension.java:147)
	at app//org.junit.jupiter.engine.extension.TimeoutExtension.interceptTestMethod(TimeoutExtension.java:86)
	at app//org.junit.jupiter.engine.execution.InterceptingExecutableInvoker$ReflectiveInterceptorCall.lambda$ofVoidMethod$0(InterceptingExecutableInvoker.java:103)
	at app//org.junit.jupiter.engine.execution.InterceptingExecutableInvoker.lambda$invoke$0(InterceptingExecutableInvoker.java:93)
	at app//org.junit.jupiter.engine.execution.InvocationInterceptorChain$InterceptedInvocation.proceed(InvocationInterceptorChain.java:106)
	at app//org.junit.jupiter.engine.execution.InvocationInterceptorChain.proceed(InvocationInterceptorChain.java:64)
	at app//org.junit.jupiter.engine.execution.InvocationInterceptorChain.chainAndInvoke(InvocationInterceptorChain.java:45)
	at app//org.junit.jupiter.engine.execution.InvocationInterceptorChain.invoke(InvocationInterceptorChain.java:37)
	at app//org.junit.jupiter.engine.execution.InterceptingExecutableInvoker.invoke(InterceptingExecutableInvoker.java:92)
	at app//org.junit.jupiter.engine.execution.InterceptingExecutableInvoker.invoke(InterceptingExecutableInvoker.java:86)
	at app//org.junit.jupiter.engine.descriptor.TestMethodTestDescriptor.lambda$invokeTestMethod$7(TestMethodTestDescriptor.java:218)
	at app//org.junit.platform.engine.support.hierarchical.ThrowableCollector.execute(ThrowableCollector.java:73)
	at app//org.junit.jupiter.engine.descriptor.TestMethodTestDescriptor.invokeTestMethod(TestMethodTestDescriptor.java:214)
	at app//org.junit.jupiter.engine.descriptor.TestMethodTestDescriptor.execute(TestMethodTestDescriptor.java:139)
	at app//org.junit.jupiter.engine.descriptor.TestMethodTestDescriptor.execute(TestMethodTestDescriptor.java:69)
	at app//org.junit.platform.engine.support.hierarchical.NodeTestTask.lambda$executeRecursively$6(NodeTestTask.java:151)
	at app//org.junit.platform.engine.support.hierarchical.ThrowableCollector.execute(ThrowableCollector.java:73)
	at app//org.junit.platform.engine.support.hierarchical.NodeTestTask.lambda$executeRecursively$8(NodeTestTask.java:141)
	at app//org.junit.platform.engine.support.hierarchical.Node.around(Node.java:137)
	at app//org.junit.platform.engine.support.hierarchical.NodeTestTask.lambda$executeRecursively$9(NodeTestTask.java:139)
	at app//org.junit.platform.engine.support.hierarchical.ThrowableCollector.execute(ThrowableCollector.java:73)
	at app//org.junit.platform.engine.support.hierarchical.NodeTestTask.executeRecursively(NodeTestTask.java:138)
	at app//org.junit.platform.engine.support.hierarchical.NodeTestTask.execute(NodeTestTask.java:95)
	at java.base@17.0.8/java.util.ArrayList.forEach(ArrayList.java:1511)
	at app//org.junit.platform.engine.support.hierarchical.SameThreadHierarchicalTestExecutorService.invokeAll(SameThreadHierarchicalTestExecutorService.java:41)
	at app//org.junit.platform.engine.support.hierarchical.NodeTestTask.lambda$executeRecursively$6(NodeTestTask.java:155)
	at app//org.junit.platform.engine.support.hierarchical.ThrowableCollector.execute(ThrowableCollector.java:73)
	at app//org.junit.platform.engine.support.hierarchical.NodeTestTask.lambda$executeRecursively$8(NodeTestTask.java:141)
	at app//org.junit.platform.engine.support.hierarchical.Node.around(Node.java:137)
	at app//org.junit.platform.engine.support.hierarchical.NodeTestTask.lambda$executeRecursively$9(NodeTestTask.java:139)
	at app//org.junit.platform.engine.support.hierarchical.ThrowableCollector.execute(ThrowableCollector.java:73)
	at app//org.junit.platform.engine.support.hierarchical.NodeTestTask.executeRecursively(NodeTestTask.java:138)
	at app//org.junit.platform.engine.support.hierarchical.NodeTestTask.execute(NodeTestTask.java:95)
	at java.base@17.0.8/java.util.ArrayList.forEach(ArrayList.java:1511)
	at app//org.junit.platform.engine.support.hierarchical.SameThreadHierarchicalTestExecutorService.invokeAll(SameThreadHierarchicalTestExecutorService.java:41)
	at app//org.junit.platform.engine.support.hierarchical.NodeTestTask.lambda$executeRecursively$6(NodeTestTask.java:155)
	at app//org.junit.platform.engine.support.hierarchical.ThrowableCollector.execute(ThrowableCollector.java:73)
	at app//org.junit.platform.engine.support.hierarchical.NodeTestTask.lambda$executeRecursively$8(NodeTestTask.java:141)
	at app//org.junit.platform.engine.support.hierarchical.Node.around(Node.java:137)
	at app//org.junit.platform.engine.support.hierarchical.NodeTestTask.lambda$executeRecursively$9(NodeTestTask.java:139)
	at app//org.junit.platform.engine.support.hierarchical.ThrowableCollector.execute(ThrowableCollector.java:73)
	at app//org.junit.platform.engine.support.hierarchical.NodeTestTask.executeRecursively(NodeTestTask.java:138)
	at app//org.junit.platform.engine.support.hierarchical.NodeTestTask.execute(NodeTestTask.java:95)
	at app//org.junit.platform.engine.support.hierarchical.SameThreadHierarchicalTestExecutorService.submit(SameThreadHierarchicalTestExecutorService.java:35)
	at app//org.junit.platform.engine.support.hierarchical.HierarchicalTestExecutor.execute(HierarchicalTestExecutor.java:57)
	at app//org.junit.platform.engine.support.hierarchical.HierarchicalTestEngine.execute(HierarchicalTestEngine.java:54)
	at app//org.junit.platform.launcher.core.EngineExecutionOrchestrator.execute(EngineExecutionOrchestrator.java:107)
	at app//org.junit.platform.launcher.core.EngineExecutionOrchestrator.execute(EngineExecutionOrchestrator.java:88)
	at app//org.junit.platform.launcher.core.EngineExecutionOrchestrator.lambda$execute$0(EngineExecutionOrchestrator.java:54)
	at app//org.junit.platform.launcher.core.EngineExecutionOrchestrator.withInterceptedStreams(EngineExecutionOrchestrator.java:67)
	at app//org.junit.platform.launcher.core.EngineExecutionOrchestrator.execute(EngineExecutionOrchestrator.java:52)
	at app//org.junit.platform.launcher.core.DefaultLauncher.execute(DefaultLauncher.java:114)
	at app//org.junit.platform.launcher.core.DefaultLauncher.execute(DefaultLauncher.java:86)
	at app//org.junit.platform.launcher.core.DefaultLauncherSession$DelegatingLauncher.execute(DefaultLauncherSession.java:86)
	at org.gradle.api.internal.tasks.testing.junitplatform.JUnitPlatformTestClassProcessor$CollectAllTestClassesExecutor.processAllTestClasses(JUnitPlatformTestClassProcessor.java:119)
	at org.gradle.api.internal.tasks.testing.junitplatform.JUnitPlatformTestClassProcessor$CollectAllTestClassesExecutor.access$000(JUnitPlatformTestClassProcessor.java:94)
	at org.gradle.api.internal.tasks.testing.junitplatform.JUnitPlatformTestClassProcessor.stop(JUnitPlatformTestClassProcessor.java:89)
	at org.gradle.api.internal.tasks.testing.SuiteTestClassProcessor.stop(SuiteTestClassProcessor.java:62)
	at java.base@17.0.8/jdk.internal.reflect.NativeMethodAccessorImpl.invoke0(Native Method)
	at java.base@17.0.8/jdk.internal.reflect.NativeMethodAccessorImpl.invoke(NativeMethodAccessorImpl.java:77)
	at java.base@17.0.8/jdk.internal.reflect.DelegatingMethodAccessorImpl.invoke(DelegatingMethodAccessorImpl.java:43)
	at java.base@17.0.8/java.lang.reflect.Method.invoke(Method.java:568)
	at org.gradle.internal.dispatch.ReflectionDispatch.dispatch(ReflectionDispatch.java:36)
	at org.gradle.internal.dispatch.ReflectionDispatch.dispatch(ReflectionDispatch.java:24)
	at org.gradle.internal.dispatch.ContextClassLoaderDispatch.dispatch(ContextClassLoaderDispatch.java:33)
	at org.gradle.internal.dispatch.ProxyDispatchAdapter$DispatchingInvocationHandler.invoke(ProxyDispatchAdapter.java:94)
	at jdk.proxy1/jdk.proxy1.$Proxy2.stop(Unknown Source)
	at org.gradle.api.internal.tasks.testing.worker.TestWorker$3.run(TestWorker.java:193)
	at org.gradle.api.internal.tasks.testing.worker.TestWorker.executeAndMaintainThreadName(TestWorker.java:129)
	at org.gradle.api.internal.tasks.testing.worker.TestWorker.execute(TestWorker.java:100)
	at org.gradle.api.internal.tasks.testing.worker.TestWorker.execute(TestWorker.java:60)
	at org.gradle.process.internal.worker.child.ActionExecutionWorker.execute(ActionExecutionWorker.java:56)
	at org.gradle.process.internal.worker.child.SystemApplicationClassLoaderWorker.call(SystemApplicationClassLoaderWorker.java:113)
	at org.gradle.process.internal.worker.child.SystemApplicationClassLoaderWorker.call(SystemApplicationClassLoaderWorker.java:65)
	at app//worker.org.gradle.process.internal.worker.GradleWorkerMain.run(GradleWorkerMain.java:69)
	at app//worker.org.gradle.process.internal.worker.GradleWorkerMain.main(GradleWorkerMain.java:74)
</failure>
  </testcase>
  <system-out><![CDATA[15:46:53.599 [Test worker] INFO org.springframework.test.context.support.AnnotationConfigContextLoaderUtils -- Could not detect default configuration classes for test class [com.example.springsecurityoauth2jwt.repository.ShowCouponsServiceTest]: ShowCouponsServiceTest does not declare any static, non-private, non-final, nested classes annotated with @Configuration.
15:46:53.802 [Test worker] INFO org.springframework.boot.test.context.SpringBootTestContextBootstrapper -- Found @SpringBootConfiguration com.example.springsecurityoauth2jwt.Springsecurityoauth2JwtApplication for test class com.example.springsecurityoauth2jwt.repository.ShowCouponsServiceTest

  .   ____          _            __ _ _
 /\\ / ___'_ __ _ _(_)_ __  __ _ \ \ \ \
( ( )\___ | '_ | '_| | '_ \/ _` | \ \ \ \
 \\/  ___)| |_)| | | | | || (_| |  ) ) ) )
  '  |____| .__|_| |_|_| |_\__, | / / / /
 =========|_|==============|___/=/_/_/_/
 :: Spring Boot ::                (v3.2.0)

2023-12-17T15:46:54.862+09:00  INFO 70473 --- [    Test worker] c.e.s.repository.ShowCouponsServiceTest  : Starting ShowCouponsServiceTest using Java 17.0.8 with PID 70473 (started by lee in /Users/lee/workspace/study/backend/spring-security/security-project)
2023-12-17T15:46:54.871+09:00  INFO 70473 --- [    Test worker] c.e.s.repository.ShowCouponsServiceTest  : No active profile set, falling back to 1 default profile: "default"
2023-12-17T15:46:56.444+09:00  INFO 70473 --- [    Test worker] .s.d.r.c.RepositoryConfigurationDelegate : Bootstrapping Spring Data JPA repositories in DEFAULT mode.
2023-12-17T15:46:56.641+09:00  INFO 70473 --- [    Test worker] .s.d.r.c.RepositoryConfigurationDelegate : Finished Spring Data repository scanning in 186 ms. Found 2 JPA repository interfaces.
2023-12-17T15:46:57.605+09:00  INFO 70473 --- [    Test worker] o.hibernate.jpa.internal.util.LogHelper  : HHH000204: Processing PersistenceUnitInfo [name: default]
2023-12-17T15:46:57.664+09:00  INFO 70473 --- [    Test worker] org.hibernate.Version                    : HHH000412: Hibernate ORM core version 6.3.1.Final
2023-12-17T15:46:57.702+09:00  INFO 70473 --- [    Test worker] o.h.c.internal.RegionFactoryInitiator    : HHH000026: Second-level cache disabled
2023-12-17T15:46:57.970+09:00  INFO 70473 --- [    Test worker] o.s.o.j.p.SpringPersistenceUnitInfo      : No LoadTimeWeaver setup: ignoring JPA class transformer
2023-12-17T15:46:58.004+09:00  INFO 70473 --- [    Test worker] com.zaxxer.hikari.HikariDataSource       : HikariPool-1 - Starting...
2023-12-17T15:46:58.483+09:00  INFO 70473 --- [    Test worker] com.zaxxer.hikari.pool.HikariPool        : HikariPool-1 - Added connection com.mysql.cj.jdbc.ConnectionImpl@3d98729a
2023-12-17T15:46:58.486+09:00  INFO 70473 --- [    Test worker] com.zaxxer.hikari.HikariDataSource       : HikariPool-1 - Start completed.
2023-12-17T15:46:58.543+09:00  WARN 70473 --- [    Test worker] org.hibernate.orm.deprecation            : HHH90000025: MySQLDialect does not need to be specified explicitly using 'hibernate.dialect' (remove the property setting and it will be selected by default)
2023-12-17T15:46:59.861+09:00  INFO 70473 --- [    Test worker] o.h.e.t.j.p.i.JtaPlatformInitiator       : HHH000489: No JTA platform available (set 'hibernate.transaction.jta.platform' to enable JTA platform integration)
Hibernate: 
    alter table account_roles 
       drop 
       foreign key FKi84870gssnbi37wfqfifekghb
Hibernate: 
    alter table account_roles 
       drop 
       foreign key FKg75jws9c251epgg4r5swxqkn3
Hibernate: 
    alter table role_resources 
       drop 
       foreign key FK7k960kk6pu1pwsk7ml4hycp53
Hibernate: 
    alter table role_resources 
       drop 
       foreign key FK8k22y1jmevnedy4v80tl1yop7
Hibernate: 
    drop table if exists account
Hibernate: 
    drop table if exists account_roles
Hibernate: 
    drop table if exists account_seq
Hibernate: 
    drop table if exists resources
Hibernate: 
    drop table if exists resources_seq
Hibernate: 
    drop table if exists role
Hibernate: 
    drop table if exists role_resources
Hibernate: 
    drop table if exists role_seq
Hibernate: 
    create table account (
        id bigint not null,
        password varchar(255),
        username varchar(255),
        primary key (id)
    ) engine=InnoDB
Hibernate: 
    create table account_roles (
        role_id bigint not null,
        user_id bigint not null,
        primary key (role_id, user_id)
    ) engine=InnoDB
Hibernate: 
    create table account_seq (
        next_val bigint
    ) engine=InnoDB
Hibernate: 
    insert into account_seq values ( 1 )
Hibernate: 
    create table resources (
        order_num integer,
        id bigint not null,
        http_method varchar(255),
        resource_name varchar(255),
        resource_type varchar(255),
        primary key (id)
    ) engine=InnoDB
Hibernate: 
    create table resources_seq (
        next_val bigint
    ) engine=InnoDB
Hibernate: 
    insert into resources_seq values ( 1 )
Hibernate: 
    create table role (
        role_id bigint not null,
        role_desc varchar(255),
        role_name varchar(255),
        primary key (role_id)
    ) engine=InnoDB
Hibernate: 
    create table role_resources (
        resource_id bigint not null,
        role_id bigint not null,
        primary key (resource_id, role_id)
    ) engine=InnoDB
Hibernate: 
    create table role_seq (
        next_val bigint
    ) engine=InnoDB
Hibernate: 
    insert into role_seq values ( 1 )
Hibernate: 
    alter table account_roles 
       add constraint FKi84870gssnbi37wfqfifekghb 
       foreign key (role_id) 
       references role (role_id)
Hibernate: 
    alter table account_roles 
       add constraint FKg75jws9c251epgg4r5swxqkn3 
       foreign key (user_id) 
       references account (id)
Hibernate: 
    alter table role_resources 
       add constraint FK7k960kk6pu1pwsk7ml4hycp53 
       foreign key (role_id) 
       references role (role_id)
Hibernate: 
    alter table role_resources 
       add constraint FK8k22y1jmevnedy4v80tl1yop7 
       foreign key (resource_id) 
       references resources (id)
2023-12-17T15:47:00.123+09:00  INFO 70473 --- [    Test worker] j.LocalContainerEntityManagerFactoryBean : Initialized JPA EntityManagerFactory for persistence unit 'default'
2023-12-17T15:47:01.325+09:00  WARN 70473 --- [    Test worker] JpaBaseConfiguration$JpaWebConfiguration : spring.jpa.open-in-view is enabled by default. Therefore, database queries may be performed during view rendering. Explicitly configure spring.jpa.open-in-view to disable this warning
2023-12-17T15:47:01.418+09:00 TRACE 70473 --- [    Test worker] eGlobalAuthenticationAutowiredConfigurer : Eagerly initializing {securityConfig=com.example.springsecurityoauth2jwt.config.SecurityConfig$$SpringCGLIB$$0@64096a41}
2023-12-17T15:47:01.914+09:00  INFO 70473 --- [    Test worker] o.s.s.web.DefaultSecurityFilterChain     : Will secure any request with [org.springframework.security.web.session.DisableEncodeUrlFilter@456beb8b, org.springframework.security.web.context.request.async.WebAsyncManagerIntegrationFilter@191cf38f, org.springframework.security.web.context.SecurityContextHolderFilter@62d72091, org.springframework.security.web.header.HeaderWriterFilter@52238861, org.springframework.security.web.authentication.logout.LogoutFilter@328b2c2a, com.example.springsecurityoauth2jwt.security.filter.AjaxLoginProcessingFilter@198a653, org.springframework.security.web.authentication.UsernamePasswordAuthenticationFilter@54dc163a, org.springframework.security.web.session.ConcurrentSessionFilter@57f83dc7, org.springframework.security.web.savedrequest.RequestCacheAwareFilter@3b863b4, org.springframework.security.web.servletapi.SecurityContextHolderAwareRequestFilter@2524f9bf, org.springframework.security.web.authentication.AnonymousAuthenticationFilter@2dc54b50, org.springframework.security.web.session.SessionManagementFilter@4582da06, org.springframework.security.web.access.ExceptionTranslationFilter@70d24586, org.springframework.security.web.access.intercept.AuthorizationFilter@45f32b12]
2023-12-17T15:47:02.635+09:00  INFO 70473 --- [    Test worker] c.e.s.repository.ShowCouponsServiceTest  : Started ShowCouponsServiceTest in 8.402 seconds (process running for 10.637)
Hibernate: 
    select
        r1_0.role_id,
        r1_0.role_desc,
        r1_0.role_name 
    from
        role r1_0 
    where
        r1_0.role_name=?
]]></system-out>
  <system-err><![CDATA[]]></system-err>
</testsuite>
